<?xml version="1.0" encoding="UTF-8"?>
<testsuite name="NumarComplexTest" tests="2" skipped="0" failures="0" errors="0" timestamp="2019-02-26T12:46:51" hostname="Teofana-PC" time="0.004">
  <properties/>
  <testcase name="getReal" classname="NumarComplexTest" time="0.004"/>
  <testcase name="add" classname="NumarComplexTest" time="0.0"/>
  <system-out><![CDATA[]]></system-out>
  <system-err><![CDATA[]]></system-err>
</testsuite>
