<?xml version="1.0" encoding="UTF-8"?>
<testsuite name="repository.ProbaRepositoryTest" tests="1" skipped="0" failures="0" errors="0" timestamp="2019-03-12T11:21:53" hostname="Teofana-PC" time="0.315">
  <properties/>
  <testcase name="test" classname="repository.ProbaRepositoryTest" time="0.315"/>
  <system-out><![CDATA[]]></system-out>
  <system-err><![CDATA[]]></system-err>
</testsuite>
